<?xml version="1.0" encoding="UTF-8"?>
<testng-results ignored="0" total="3" passed="3" failed="0" skipped="0">
  <reporter-output>
  </reporter-output>
  <suite started-at="2021-05-09T11:02:27 PDT" name="Suite" finished-at="2021-05-09T11:02:51 PDT" duration-ms="24348">
    <groups>
    </groups>
    <test started-at="2021-05-09T11:02:27 PDT" name="compile" finished-at="2021-05-09T11:02:36 PDT" duration-ms="9746">
      <class name="Academy.project.validateTitle">
        <test-method is-config="true" signature="beforetest()[pri:0, instance:Academy.project.validateTitle@2d72f75e]" started-at="2021-05-09T11:02:27 PDT" name="beforetest" finished-at="2021-05-09T11:02:36 PDT" duration-ms="9174" status="PASS">
          <reporter-output>
          </reporter-output>
        </test-method> <!-- beforetest -->
        <test-method signature="navigate()[pri:0, instance:Academy.project.validateTitle@2d72f75e]" started-at="2021-05-09T11:02:36 PDT" name="navigate" finished-at="2021-05-09T11:02:36 PDT" duration-ms="429" status="PASS">
          <reporter-output>
          </reporter-output>
        </test-method> <!-- navigate -->
        <test-method is-config="true" signature="test()[pri:0, instance:Academy.project.validateTitle@2d72f75e]" started-at="2021-05-09T11:02:36 PDT" name="test" finished-at="2021-05-09T11:02:36 PDT" duration-ms="139" status="PASS">
          <reporter-output>
          </reporter-output>
        </test-method> <!-- test -->
      </class> <!-- Academy.project.validateTitle -->
    </test> <!-- compile -->
    <test started-at="2021-05-09T11:02:27 PDT" name="validate" finished-at="2021-05-09T11:02:51 PDT" duration-ms="24348">
      <class name="Academy.project.HomePage">
        <test-method is-config="true" signature="beforetest()[pri:0, instance:Academy.project.HomePage@2a492f2a]" started-at="2021-05-09T11:02:27 PDT" name="beforetest" finished-at="2021-05-09T11:02:29 PDT" duration-ms="2417" status="PASS">
          <reporter-output>
          </reporter-output>
        </test-method> <!-- beforetest -->
        <test-method signature="navigate(java.lang.String, java.lang.String)[pri:0, instance:Academy.project.HomePage@2a492f2a]" started-at="2021-05-09T11:02:29 PDT" name="navigate" data-provider="getdata" finished-at="2021-05-09T11:02:41 PDT" duration-ms="12353" status="PASS">
          <params>
            <param index="0">
              <value>
                <![CDATA[manukhattra13@gmail.com]]>
              </value>
            </param>
            <param index="1">
              <value>
                <![CDATA[123456]]>
              </value>
            </param>
          </params>
          <reporter-output>
          </reporter-output>
        </test-method> <!-- navigate -->
        <test-method signature="navigate(java.lang.String, java.lang.String)[pri:0, instance:Academy.project.HomePage@2a492f2a]" started-at="2021-05-09T11:02:41 PDT" name="navigate" data-provider="getdata" finished-at="2021-05-09T11:02:51 PDT" duration-ms="9408" status="PASS">
          <params>
            <param index="0">
              <value>
                <![CDATA[raminder@gmail.com]]>
              </value>
            </param>
            <param index="1">
              <value>
                <![CDATA[789456]]>
              </value>
            </param>
          </params>
          <reporter-output>
          </reporter-output>
        </test-method> <!-- navigate -->
        <test-method is-config="true" signature="test()[pri:0, instance:Academy.project.HomePage@2a492f2a]" started-at="2021-05-09T11:02:51 PDT" name="test" finished-at="2021-05-09T11:02:51 PDT" duration-ms="122" status="PASS">
          <reporter-output>
          </reporter-output>
        </test-method> <!-- test -->
      </class> <!-- Academy.project.HomePage -->
    </test> <!-- validate -->
  </suite> <!-- Suite -->
</testng-results>
