<?xml version="1.0" encoding="UTF-8"?>
<testng-results total="4" passed="4" failed="0" skipped="0">
  <reporter-output>
  </reporter-output>
  <suite started-at="2021-05-09T18:01:48Z" name="Suite" finished-at="2021-05-09T18:02:11Z" duration-ms="22682">
    <groups>
    </groups>
    <test started-at="2021-05-09T18:01:48Z" name="compile" finished-at="2021-05-09T18:01:55Z" duration-ms="6414">
      <class name="Academy.project.validateTitle">
        <test-method is-config="true" signature="beforetest()[pri:0, instance:Academy.project.validateTitle@1b11ef33]" started-at="2021-05-09T11:01:48Z" name="beforetest" finished-at="2021-05-09T11:01:54Z" duration-ms="6033" status="PASS">
          <reporter-output>
          </reporter-output>
        </test-method> <!-- beforetest -->
        <test-method signature="navigate()[pri:0, instance:Academy.project.validateTitle@1b11ef33]" started-at="2021-05-09T11:01:54Z" name="navigate" finished-at="2021-05-09T11:01:54Z" duration-ms="204" status="PASS">
          <reporter-output>
          </reporter-output>
        </test-method> <!-- navigate -->
        <test-method is-config="true" signature="test()[pri:0, instance:Academy.project.validateTitle@1b11ef33]" started-at="2021-05-09T11:01:54Z" name="test" finished-at="2021-05-09T11:01:55Z" duration-ms="163" status="PASS">
          <reporter-output>
          </reporter-output>
        </test-method> <!-- test -->
      </class> <!-- Academy.project.validateTitle -->
    </test> <!-- compile -->
    <test started-at="2021-05-09T18:01:48Z" name="Test" finished-at="2021-05-09T18:01:54Z" duration-ms="5887">
      <class name="Academy.project.validateBar">
        <test-method is-config="true" signature="beforetest()[pri:0, instance:Academy.project.validateBar@4a9cc6cb]" started-at="2021-05-09T11:01:48Z" name="beforetest" finished-at="2021-05-09T11:01:54Z" duration-ms="5571" status="PASS">
          <reporter-output>
          </reporter-output>
        </test-method> <!-- beforetest -->
        <test-method signature="navigate()[pri:0, instance:Academy.project.validateBar@4a9cc6cb]" started-at="2021-05-09T11:01:54Z" name="navigate" finished-at="2021-05-09T11:01:54Z" duration-ms="124" status="PASS">
          <reporter-output>
          </reporter-output>
        </test-method> <!-- navigate -->
        <test-method is-config="true" signature="test()[pri:0, instance:Academy.project.validateBar@4a9cc6cb]" started-at="2021-05-09T11:01:54Z" name="test" finished-at="2021-05-09T11:01:54Z" duration-ms="177" status="PASS">
          <reporter-output>
          </reporter-output>
        </test-method> <!-- test -->
      </class> <!-- Academy.project.validateBar -->
    </test> <!-- Test -->
    <test started-at="2021-05-09T18:01:48Z" name="validate" finished-at="2021-05-09T18:02:11Z" duration-ms="22682">
      <class name="Academy.project.HomePage">
        <test-method is-config="true" signature="beforetest()[pri:0, instance:Academy.project.HomePage@355e34c7]" started-at="2021-05-09T11:01:48Z" name="beforetest" finished-at="2021-05-09T11:01:50Z" duration-ms="2314" status="PASS">
          <reporter-output>
          </reporter-output>
        </test-method> <!-- beforetest -->
        <test-method signature="navigate(java.lang.String, java.lang.String)[pri:0, instance:Academy.project.HomePage@355e34c7]" started-at="2021-05-09T11:01:50Z" name="navigate" data-provider="getdata" finished-at="2021-05-09T11:02:03Z" duration-ms="12040" status="PASS">
          <params>
            <param index="0">
              <value>
                <![CDATA[manukhattra13@gmail.com]]>
              </value>
            </param>
            <param index="1">
              <value>
                <![CDATA[123456]]>
              </value>
            </param>
          </params>
          <reporter-output>
          </reporter-output>
        </test-method> <!-- navigate -->
        <test-method signature="navigate(java.lang.String, java.lang.String)[pri:0, instance:Academy.project.HomePage@355e34c7]" started-at="2021-05-09T11:02:03Z" name="navigate" data-provider="getdata" finished-at="2021-05-09T11:02:11Z" duration-ms="8188" status="PASS">
          <params>
            <param index="0">
              <value>
                <![CDATA[raminder@gmail.com]]>
              </value>
            </param>
            <param index="1">
              <value>
                <![CDATA[789456]]>
              </value>
            </param>
          </params>
          <reporter-output>
          </reporter-output>
        </test-method> <!-- navigate -->
        <test-method is-config="true" signature="test()[pri:0, instance:Academy.project.HomePage@355e34c7]" started-at="2021-05-09T11:02:11Z" name="test" finished-at="2021-05-09T11:02:11Z" duration-ms="109" status="PASS">
          <reporter-output>
          </reporter-output>
        </test-method> <!-- test -->
      </class> <!-- Academy.project.HomePage -->
    </test> <!-- validate -->
  </suite> <!-- Suite -->
</testng-results>
